TN:
SF:C:\Users\23470\Desktop\Epic-Mail\src/app.js
FN:17,(anonymous_1)
FN:23,(anonymous_2)
FNF:2
FNH:0
FNDA:0,(anonymous_1)
FNDA:0,(anonymous_2)
DA:1,1
DA:2,1
DA:3,1
DA:4,1
DA:6,1
DA:8,1
DA:9,1
DA:13,1
DA:14,1
DA:17,1
DA:18,0
DA:19,0
DA:20,0
DA:23,1
DA:24,0
DA:25,0
DA:33,1
LF:17
LH:12
BRDA:24,0,0,0
BRDA:24,0,1,0
BRF:2
BRH:0
end_of_record
TN:
SF:C:\Users\23470\Desktop\Epic-Mail\src\controllers/messages.js
FN:3,(anonymous_0)
FN:20,(anonymous_1)
FN:28,(anonymous_2)
FN:29,(anonymous_3)
FN:37,(anonymous_4)
FN:38,(anonymous_5)
FN:45,(anonymous_6)
FN:47,(anonymous_7)
FN:63,(anonymous_8)
FN:65,(anonymous_9)
FNF:10
FNH:8
FNDA:1,(anonymous_0)
FNDA:1,(anonymous_1)
FNDA:0,(anonymous_2)
FNDA:0,(anonymous_3)
FNDA:1,(anonymous_4)
FNDA:2,(anonymous_5)
FNDA:2,(anonymous_6)
FNDA:4,(anonymous_7)
FNDA:1,(anonymous_8)
FNDA:2,(anonymous_9)
DA:1,1
DA:3,1
DA:4,1
DA:12,1
DA:13,1
DA:20,1
DA:21,1
DA:28,1
DA:29,0
DA:30,0
DA:37,1
DA:38,2
DA:39,1
DA:45,1
DA:46,2
DA:47,4
DA:48,2
DA:49,0
DA:54,2
DA:63,1
DA:64,1
DA:65,2
DA:66,1
DA:67,1
DA:68,1
DA:69,0
DA:74,1
LF:27
LH:23
BRDA:48,0,0,0
BRDA:48,0,1,2
BRDA:68,1,0,0
BRDA:68,1,1,1
BRF:4
BRH:2
end_of_record
TN:
SF:C:\Users\23470\Desktop\Epic-Mail\src\db/userDB.js
FNF:0
FNH:0
DA:2,1
DA:13,1
LF:2
LH:2
BRF:0
BRH:0
end_of_record
TN:
SF:C:\Users\23470\Desktop\Epic-Mail\src\routes/messages.js
FNF:0
FNH:0
DA:1,1
DA:2,1
DA:3,1
DA:5,1
DA:7,1
DA:9,1
DA:11,1
DA:13,1
DA:15,1
DA:17,1
DA:19,1
LF:11
LH:11
BRF:0
BRH:0
end_of_record
TN:
SF:C:\Users\23470\Desktop\Epic-Mail\src\routes/user.js
FN:12,(anonymous_1)
FN:58,(anonymous_2)
FN:59,(anonymous_3)
FN:78,(anonymous_4)
FNF:4
FNH:3
FNDA:1,(anonymous_1)
FNDA:1,(anonymous_2)
FNDA:2,(anonymous_3)
FNDA:0,(anonymous_4)
DA:1,1
DA:2,1
DA:3,1
DA:4,1
DA:5,1
DA:7,1
DA:9,1
DA:12,1
DA:13,1
DA:14,1
DA:15,0
DA:20,1
DA:21,0
DA:26,1
DA:27,0
DA:32,1
DA:33,0
DA:38,1
DA:47,1
DA:48,1
DA:51,1
DA:58,1
DA:59,1
DA:60,2
DA:61,1
DA:62,1
DA:63,0
DA:65,1
DA:68,1
DA:74,2
DA:78,1
DA:79,0
DA:85,1
LF:33
LH:27
BRDA:14,0,0,0
BRDA:14,0,1,1
BRDA:20,1,0,0
BRDA:20,1,1,1
BRDA:26,2,0,0
BRDA:26,2,1,1
BRDA:32,3,0,0
BRDA:32,3,1,1
BRDA:60,4,0,1
BRDA:60,4,1,1
BRDA:62,5,0,0
BRDA:62,5,1,1
BRF:12
BRH:7
end_of_record
